{
  "stats": {
    "suites": 1,
    "tests": 6,
    "passes": 3,
    "pending": 0,
    "failures": 3,
    "start": "2025-01-05T03:54:38.165Z",
    "end": "2025-01-05T03:54:43.709Z",
    "duration": 5544,
    "testsRegistered": 6,
    "passPercent": 50,
    "pendingPercent": 0,
    "other": 0,
    "hasOther": false,
    "skipped": 0,
    "hasSkipped": false
  },
  "results": [
    {
      "uuid": "abfccaa9-4fe5-416a-887a-64ac0fd25eec",
      "title": "",
      "fullFile": "cypress/e2e/APITests/CreateBookAdmin.feature",
      "file": "cypress/e2e/APITests/CreateBookAdmin.feature",
      "beforeHooks": [],
      "afterHooks": [],
      "tests": [],
      "suites": [
        {
          "uuid": "a1baba3d-0d3f-4e24-a415-987444e6e04f",
          "title": "Admin create a book",
          "fullFile": "",
          "file": "",
          "beforeHooks": [],
          "afterHooks": [],
          "tests": [
            {
              "title": "Admin successfully create a book",
              "fullTitle": "Admin create a book Admin successfully create a book",
              "timedOut": null,
              "duration": 4493,
              "state": "passed",
              "speed": "fast",
              "pass": true,
              "fail": false,
              "pending": false,
              "context": null,
              "code": "const state = window.testState;\nreturn cy\n  .then(() => state.onStartScenario(scenario, indexedSteps))\n  .then(() =>\n    resolveAndRunBeforeHooks.call(this, scenario.tags, state.feature.name)\n  )\n  .then(() =>\n    indexedSteps.forEach((step) =>\n      stepTest.call(this, state, step, rowData)\n    )\n  )\n  .then(() => state.onFinishScenario(scenario));",
              "err": {},
              "uuid": "f464bce3-b1fc-4946-9b8d-4230a7714ef1",
              "parentUUID": "a1baba3d-0d3f-4e24-a415-987444e6e04f",
              "isHook": false,
              "skipped": false
            },
            {
              "title": "Admin attempt to create the same book again",
              "fullTitle": "Admin create a book Admin attempt to create the same book again",
              "timedOut": null,
              "duration": 186,
              "state": "passed",
              "speed": "fast",
              "pass": true,
              "fail": false,
              "pending": false,
              "context": null,
              "code": "const state = window.testState;\nreturn cy\n  .then(() => state.onStartScenario(scenario, indexedSteps))\n  .then(() =>\n    resolveAndRunBeforeHooks.call(this, scenario.tags, state.feature.name)\n  )\n  .then(() =>\n    indexedSteps.forEach((step) =>\n      stepTest.call(this, state, step, rowData)\n    )\n  )\n  .then(() => state.onFinishScenario(scenario));",
              "err": {},
              "uuid": "cb1e5ef9-7609-4909-b381-97bb185f6db2",
              "parentUUID": "a1baba3d-0d3f-4e24-a415-987444e6e04f",
              "isHook": false,
              "skipped": false
            },
            {
              "title": "Admin attempt to create a book without request body",
              "fullTitle": "Admin create a book Admin attempt to create a book without request body",
              "timedOut": null,
              "duration": 178,
              "state": "passed",
              "speed": "fast",
              "pass": true,
              "fail": false,
              "pending": false,
              "context": null,
              "code": "const state = window.testState;\nreturn cy\n  .then(() => state.onStartScenario(scenario, indexedSteps))\n  .then(() =>\n    resolveAndRunBeforeHooks.call(this, scenario.tags, state.feature.name)\n  )\n  .then(() =>\n    indexedSteps.forEach((step) =>\n      stepTest.call(this, state, step, rowData)\n    )\n  )\n  .then(() => state.onFinishScenario(scenario));",
              "err": {},
              "uuid": "99665d23-9789-44aa-8975-7ef5b1b97a31",
              "parentUUID": "a1baba3d-0d3f-4e24-a415-987444e6e04f",
              "isHook": false,
              "skipped": false
            },
            {
              "title": "Admin attempt to create a book without mandatory title field",
              "fullTitle": "Admin create a book Admin attempt to create a book without mandatory title field",
              "timedOut": null,
              "duration": 151,
              "state": "failed",
              "speed": null,
              "pass": false,
              "fail": true,
              "pending": false,
              "context": null,
              "code": "const state = window.testState;\nreturn cy\n  .then(() => state.onStartScenario(scenario, indexedSteps))\n  .then(() =>\n    resolveAndRunBeforeHooks.call(this, scenario.tags, state.feature.name)\n  )\n  .then(() =>\n    indexedSteps.forEach((step) =>\n      stepTest.call(this, state, step, rowData)\n    )\n  )\n  .then(() => state.onFinishScenario(scenario));",
              "err": {
                "message": "AssertionError: expected 201 to equal 400",
                "estack": "AssertionError: expected 201 to equal 400\n    at Context.eval (cypress/support/stepDefinitions/apiSteps/post-request/post-bug.cy.ts:27:31)\n    at Context.resolveAndRunStepDefinition (node_modules/cypress-cucumber-preprocessor/lib/resolveStepDefinition.js:193:0)\n    at Context.eval (node_modules/cypress-cucumber-preprocessor/lib/createTestFromScenario.js:27:0)",
                "diff": "- 201\n+ 400\n"
              },
              "uuid": "f2734a9c-9e8c-42cc-8277-5b8ea409721f",
              "parentUUID": "a1baba3d-0d3f-4e24-a415-987444e6e04f",
              "isHook": false,
              "skipped": false
            },
            {
              "title": "Admin attempt to create a book without mandatory author field",
              "fullTitle": "Admin create a book Admin attempt to create a book without mandatory author field",
              "timedOut": null,
              "duration": 152,
              "state": "failed",
              "speed": null,
              "pass": false,
              "fail": true,
              "pending": false,
              "context": null,
              "code": "const state = window.testState;\nreturn cy\n  .then(() => state.onStartScenario(scenario, indexedSteps))\n  .then(() =>\n    resolveAndRunBeforeHooks.call(this, scenario.tags, state.feature.name)\n  )\n  .then(() =>\n    indexedSteps.forEach((step) =>\n      stepTest.call(this, state, step, rowData)\n    )\n  )\n  .then(() => state.onFinishScenario(scenario));",
              "err": {
                "message": "AssertionError: expected 201 to equal 400",
                "estack": "AssertionError: expected 201 to equal 400\n    at Context.eval (cypress/support/stepDefinitions/apiSteps/post-request/post-bug.cy.ts:27:31)\n    at Context.resolveAndRunStepDefinition (node_modules/cypress-cucumber-preprocessor/lib/resolveStepDefinition.js:193:0)\n    at Context.eval (node_modules/cypress-cucumber-preprocessor/lib/createTestFromScenario.js:27:0)",
                "diff": "- 201\n+ 400\n"
              },
              "uuid": "6ad89296-cfe9-46c5-b668-877eb2281ac6",
              "parentUUID": "a1baba3d-0d3f-4e24-a415-987444e6e04f",
              "isHook": false,
              "skipped": false
            },
            {
              "title": "Admin Attempt to create a book with numeric value for author",
              "fullTitle": "Admin create a book Admin Attempt to create a book with numeric value for author",
              "timedOut": null,
              "duration": 156,
              "state": "failed",
              "speed": null,
              "pass": false,
              "fail": true,
              "pending": false,
              "context": null,
              "code": "const state = window.testState;\nreturn cy\n  .then(() => state.onStartScenario(scenario, indexedSteps))\n  .then(() =>\n    resolveAndRunBeforeHooks.call(this, scenario.tags, state.feature.name)\n  )\n  .then(() =>\n    indexedSteps.forEach((step) =>\n      stepTest.call(this, state, step, rowData)\n    )\n  )\n  .then(() => state.onFinishScenario(scenario));",
              "err": {
                "message": "AssertionError: expected 208 to equal 400",
                "estack": "AssertionError: expected 208 to equal 400\n    at Context.eval (cypress/support/stepDefinitions/apiSteps/post-request/post-bug.cy.ts:27:31)\n    at Context.resolveAndRunStepDefinition (node_modules/cypress-cucumber-preprocessor/lib/resolveStepDefinition.js:193:0)\n    at Context.eval (node_modules/cypress-cucumber-preprocessor/lib/createTestFromScenario.js:27:0)",
                "diff": "- 208\n+ 400\n"
              },
              "uuid": "1a67a864-6eca-407d-8158-0edd94821d78",
              "parentUUID": "a1baba3d-0d3f-4e24-a415-987444e6e04f",
              "isHook": false,
              "skipped": false
            }
          ],
          "suites": [],
          "passes": [
            "f464bce3-b1fc-4946-9b8d-4230a7714ef1",
            "cb1e5ef9-7609-4909-b381-97bb185f6db2",
            "99665d23-9789-44aa-8975-7ef5b1b97a31"
          ],
          "failures": [
            "f2734a9c-9e8c-42cc-8277-5b8ea409721f",
            "6ad89296-cfe9-46c5-b668-877eb2281ac6",
            "1a67a864-6eca-407d-8158-0edd94821d78"
          ],
          "pending": [],
          "skipped": [],
          "duration": 5316,
          "root": false,
          "rootEmpty": false,
          "_timeout": 2000
        }
      ],
      "passes": [],
      "failures": [],
      "pending": [],
      "skipped": [],
      "duration": 0,
      "root": true,
      "rootEmpty": true,
      "_timeout": 2000
    }
  ],
  "meta": {
    "mocha": {
      "version": "7.0.1"
    },
    "mochawesome": {
      "options": {
        "quiet": false,
        "reportFilename": "mochawesome",
        "saveHtml": false,
        "saveJson": true,
        "consoleReporter": "spec",
        "useInlineDiffs": false,
        "code": true
      },
      "version": "7.1.3"
    },
    "marge": {
      "options": {
        "reportDir": "cypress/reports",
        "overwrite": false,
        "html": false,
        "json": true
      },
      "version": "6.2.0"
    }
  }
}